#
# There is insufficient memory for the Java Runtime Environment to continue.
# Native memory allocation (malloc) failed to allocate 1280816 bytes for Chunk::new
# Possible reasons:
#   The system is out of physical RAM or swap space
#   The process is running with CompressedOops enabled, and the Java Heap may be blocking the growth of the native heap
# Possible solutions:
#   Reduce memory load on the system
#   Increase physical memory or swap space
#   Check if swap backing store is full
#   Decrease Java heap size (-Xmx/-Xms)
#   Decrease number of Java threads
#   Decrease Java thread stack sizes (-Xss)
#   Set larger code cache with -XX:ReservedCodeCacheSize=
#   JVM is running with Unscaled Compressed Oops mode in which the Java heap is
#     placed in the first 4GB address space. The Java Heap base address is the
#     maximum limit for the native heap growth. Please use -XX:HeapBaseMinAddress
#     to set the Java Heap base and to place the Java Heap above 4GB virtual address.
# This output file may be truncated or incomplete.
#
#  Out of Memory Error (arena.cpp:189), pid=16008, tid=5512
#
# JRE version: Java(TM) SE Runtime Environment (17.0.8+9) (build 17.0.8+9-LTS-211)
# Java VM: Java HotSpot(TM) 64-Bit Server VM (17.0.8+9-LTS-211, mixed mode, sharing, tiered, compressed oops, compressed class ptrs, g1 gc, windows-amd64)
# No core dump will be written. Minidumps are not enabled by default on client versions of Windows
#

---------------  S U M M A R Y ------------

Command Line: -Xss8m -Dfile.encoding=UTF-8 -Dstdout.encoding=UTF-8 -Dstderr.encoding=UTF-8 -XX:+ShowCodeDetailsInExceptionMessages edu.ncsu.csc316.activity.ui.UserActivityLogManagerUI

Host: 11th Gen Intel(R) Core(TM) i5-1135G7 @ 2.40GHz, 8 cores, 7G,  Windows 10 , 64 bit Build 19041 (10.0.19041.5072)
Time: Thu Nov 14 19:37:30 2024 Eastern Standard Time elapsed time: 18.948139 seconds (0d 0h 0m 18s)

---------------  T H R E A D  ---------------

Current thread (0x0000028d16245730):  JavaThread "C2 CompilerThread0" daemon [_thread_in_native, id=5512, stack(0x000000ab56000000,0x000000ab56100000)]


Current CompileTask:
C2:  18948  873       4       java.time.format.Parsed::resolveFields (359 bytes)

Stack: [0x000000ab56000000,0x000000ab56100000]
Native frames: (J=compiled Java code, j=interpreted, Vv=VM code, C=native code)
V  [jvm.dll+0x677d0a]
V  [jvm.dll+0x7d8c54]
V  [jvm.dll+0x7da3fe]
V  [jvm.dll+0x7daa63]
V  [jvm.dll+0x245c5f]
V  [jvm.dll+0xaaa6b]
V  [jvm.dll+0xab00c]
V  [jvm.dll+0x361e3f]
V  [jvm.dll+0x32c551]
V  [jvm.dll+0x32b9ea]
V  [jvm.dll+0x217fff]
V  [jvm.dll+0x217431]
V  [jvm.dll+0x1a3af0]
V  [jvm.dll+0x2270be]
V  [jvm.dll+0x22535b]
V  [jvm.dll+0x78e7bc]
V  [jvm.dll+0x788bba]
V  [jvm.dll+0x676b35]
C  [ucrtbase.dll+0x21bb2]
C  [KERNEL32.DLL+0x17374]
C  [ntdll.dll+0x4cc91]


---------------  P R O C E S S  ---------------

Threads class SMR info:
_java_thread_list=0x0000028d16456190, length=14, elements={
0x0000028d761ab790, 0x0000028d16225ba0, 0x0000028d16226660, 0x0000028d16236700,
0x0000028d1623b4f0, 0x0000028d1623bdb0, 0x0000028d16244a90, 0x0000028d16245730,
0x0000028d162495e0, 0x0000028d16253ee0, 0x0000028d164a5650, 0x0000028d164b5610,
0x0000028d16517d00, 0x0000028d166f3fe0
}

Java Threads: ( => current thread )
  0x0000028d761ab790 JavaThread "main" [_thread_in_Java, id=11684, stack(0x000000ab52200000,0x000000ab52a00000)]
  0x0000028d16225ba0 JavaThread "Reference Handler" daemon [_thread_blocked, id=9720, stack(0x000000ab53000000,0x000000ab53800000)]
  0x0000028d16226660 JavaThread "Finalizer" daemon [_thread_blocked, id=18988, stack(0x000000ab53800000,0x000000ab54000000)]
  0x0000028d16236700 JavaThread "Signal Dispatcher" daemon [_thread_blocked, id=16908, stack(0x000000ab54000000,0x000000ab54800000)]
  0x0000028d1623b4f0 JavaThread "Attach Listener" daemon [_thread_blocked, id=13240, stack(0x000000ab54800000,0x000000ab55000000)]
  0x0000028d1623bdb0 JavaThread "Service Thread" daemon [_thread_blocked, id=9276, stack(0x000000ab55000000,0x000000ab55800000)]
  0x0000028d16244a90 JavaThread "Monitor Deflation Thread" daemon [_thread_blocked, id=7780, stack(0x000000ab55800000,0x000000ab56000000)]
=>0x0000028d16245730 JavaThread "C2 CompilerThread0" daemon [_thread_in_native, id=5512, stack(0x000000ab56000000,0x000000ab56100000)]
  0x0000028d162495e0 JavaThread "C1 CompilerThread0" daemon [_thread_blocked, id=2960, stack(0x000000ab56100000,0x000000ab56200000)]
  0x0000028d16253ee0 JavaThread "Sweeper thread" daemon [_thread_blocked, id=8364, stack(0x000000ab56200000,0x000000ab56a00000)]
  0x0000028d164a5650 JavaThread "Notification Thread" daemon [_thread_blocked, id=16300, stack(0x000000ab56a00000,0x000000ab57200000)]
  0x0000028d164b5610 JavaThread "Common-Cleaner" daemon [_thread_blocked, id=17040, stack(0x000000ab57300000,0x000000ab57b00000)]
  0x0000028d16517d00 JavaThread "C2 CompilerThread1" daemon [_thread_in_native, id=9328, stack(0x000000ab57b00000,0x000000ab57c00000)]
  0x0000028d166f3fe0 JavaThread "C2 CompilerThread2" daemon [_thread_in_native, id=12012, stack(0x000000ab57c00000,0x000000ab57d00000)]

Other Threads:
  0x0000028d16220930 VMThread "VM Thread" [stack: 0x000000ab52f00000,0x000000ab53000000] [id=7868]
  0x0000028d164a6b30 WatcherThread [stack: 0x000000ab57200000,0x000000ab57300000] [id=15820]
  0x0000028d781f16f0 GCTaskThread "GC Thread#0" [stack: 0x000000ab52a00000,0x000000ab52b00000] [id=5956]
  0x0000028d5c1dbd20 GCTaskThread "GC Thread#1" [stack: 0x000000ab57d00000,0x000000ab57e00000] [id=256]
  0x0000028d16e2b630 GCTaskThread "GC Thread#2" [stack: 0x000000ab57e00000,0x000000ab57f00000] [id=9500]
  0x0000028d169fc620 GCTaskThread "GC Thread#3" [stack: 0x000000ab57f00000,0x000000ab58000000] [id=16232]
  0x0000028d16cc4700 GCTaskThread "GC Thread#4" [stack: 0x000000ab58000000,0x000000ab58100000] [id=19228]
  0x0000028d78203630 ConcurrentGCThread "G1 Main Marker" [stack: 0x000000ab52b00000,0x000000ab52c00000] [id=9204]
  0x0000028d78203f50 ConcurrentGCThread "G1 Conc#0" [stack: 0x000000ab52c00000,0x000000ab52d00000] [id=9660]
  0x0000028d7826e6a0 ConcurrentGCThread "G1 Refine#0" [stack: 0x000000ab52d00000,0x000000ab52e00000] [id=14440]
  0x0000028d160db120 ConcurrentGCThread "G1 Service" [stack: 0x000000ab52e00000,0x000000ab52f00000] [id=6664]

Threads with active compile tasks:
C2 CompilerThread0    18959  873       4       java.time.format.Parsed::resolveFields (359 bytes)
C2 CompilerThread1    18959  896       4       java.util.regex.Pattern::compile (500 bytes)
C2 CompilerThread2    18959  894       4       java.util.regex.Pattern::atom (422 bytes)

VM state: not at safepoint (normal execution)

VM Mutex/Monitor currently owned by a thread: None

Heap address: 0x0000000083600000, size: 1994 MB, Compressed Oops mode: 32-bit

CDS archive(s) mapped at: [0x0000028d17000000-0x0000028d17bd0000-0x0000028d17bd0000), size 12386304, SharedBaseAddress: 0x0000028d17000000, ArchiveRelocationMode: 1.
Compressed class space mapped at: 0x0000028d18000000-0x0000028d58000000, reserved size: 1073741824
Narrow klass base: 0x0000028d17000000, Narrow klass shift: 0, Narrow klass range: 0x100000000

GC Precious Log:
 CPUs: 8 total, 8 available
 Memory: 7975M
 Large Page Support: Disabled
 NUMA Support: Disabled
 Compressed Oops: Enabled (32-bit)
 Heap Region Size: 1M
 Heap Min Capacity: 8M
 Heap Initial Capacity: 126M
 Heap Max Capacity: 1994M
 Pre-touch: Disabled
 Parallel Workers: 8
 Concurrent Workers: 2
 Concurrent Refinement Workers: 8
 Periodic GC: Disabled

Heap:
 garbage-first heap   total 129024K, used 73728K [0x0000000083600000, 0x0000000100000000)
  region size 1024K, 74 young (75776K), 5 survivors (5120K)
 Metaspace       used 1324K, committed 1472K, reserved 1114112K
  class space    used 74K, committed 128K, reserved 1048576K

Heap Regions: E=young(eden), S=young(survivor), O=old, HS=humongous(starts), HC=humongous(continues), CS=collection set, F=free, OA=open archive, CA=closed archive, TAMS=top-at-mark-start (previous, next)
|   0|0x0000000083600000, 0x0000000083600000, 0x0000000083700000|  0%| F|  |TAMS 0x0000000083600000, 0x0000000083600000| Untracked 
|   1|0x0000000083700000, 0x0000000083700000, 0x0000000083800000|  0%| F|  |TAMS 0x0000000083700000, 0x0000000083700000| Untracked 
|   2|0x0000000083800000, 0x0000000083800000, 0x0000000083900000|  0%| F|  |TAMS 0x0000000083800000, 0x0000000083800000| Untracked 
|   3|0x0000000083900000, 0x0000000083900000, 0x0000000083a00000|  0%| F|  |TAMS 0x0000000083900000, 0x0000000083900000| Untracked 
|   4|0x0000000083a00000, 0x0000000083a00000, 0x0000000083b00000|  0%| F|  |TAMS 0x0000000083a00000, 0x0000000083a00000| Untracked 
|   5|0x0000000083b00000, 0x0000000083b00000, 0x0000000083c00000|  0%| F|  |TAMS 0x0000000083b00000, 0x0000000083b00000| Untracked 
|   6|0x0000000083c00000, 0x0000000083c00000, 0x0000000083d00000|  0%| F|  |TAMS 0x0000000083c00000, 0x0000000083c00000| Untracked 
|   7|0x0000000083d00000, 0x0000000083d00000, 0x0000000083e00000|  0%| F|  |TAMS 0x0000000083d00000, 0x0000000083d00000| Untracked 
|   8|0x0000000083e00000, 0x0000000083e00000, 0x0000000083f00000|  0%| F|  |TAMS 0x0000000083e00000, 0x0000000083e00000| Untracked 
|   9|0x0000000083f00000, 0x0000000083f00000, 0x0000000084000000|  0%| F|  |TAMS 0x0000000083f00000, 0x0000000083f00000| Untracked 
|  10|0x0000000084000000, 0x0000000084000000, 0x0000000084100000|  0%| F|  |TAMS 0x0000000084000000, 0x0000000084000000| Untracked 
|  11|0x0000000084100000, 0x0000000084100000, 0x0000000084200000|  0%| F|  |TAMS 0x0000000084100000, 0x0000000084100000| Untracked 
|  12|0x0000000084200000, 0x0000000084200000, 0x0000000084300000|  0%| F|  |TAMS 0x0000000084200000, 0x0000000084200000| Untracked 
|  13|0x0000000084300000, 0x0000000084300000, 0x0000000084400000|  0%| F|  |TAMS 0x0000000084300000, 0x0000000084300000| Untracked 
|  14|0x0000000084400000, 0x0000000084400000, 0x0000000084500000|  0%| F|  |TAMS 0x0000000084400000, 0x0000000084400000| Untracked 
|  15|0x0000000084500000, 0x0000000084500000, 0x0000000084600000|  0%| F|  |TAMS 0x0000000084500000, 0x0000000084500000| Untracked 
|  16|0x0000000084600000, 0x0000000084600000, 0x0000000084700000|  0%| F|  |TAMS 0x0000000084600000, 0x0000000084600000| Untracked 
|  17|0x0000000084700000, 0x0000000084700000, 0x0000000084800000|  0%| F|  |TAMS 0x0000000084700000, 0x0000000084700000| Untracked 
|  18|0x0000000084800000, 0x0000000084800000, 0x0000000084900000|  0%| F|  |TAMS 0x0000000084800000, 0x0000000084800000| Untracked 
|  19|0x0000000084900000, 0x0000000084900000, 0x0000000084a00000|  0%| F|  |TAMS 0x0000000084900000, 0x0000000084900000| Untracked 
|  20|0x0000000084a00000, 0x0000000084a00000, 0x0000000084b00000|  0%| F|  |TAMS 0x0000000084a00000, 0x0000000084a00000| Untracked 
|  21|0x0000000084b00000, 0x0000000084b00000, 0x0000000084c00000|  0%| F|  |TAMS 0x0000000084b00000, 0x0000000084b00000| Untracked 
|  22|0x0000000084c00000, 0x0000000084c00000, 0x0000000084d00000|  0%| F|  |TAMS 0x0000000084c00000, 0x0000000084c00000| Untracked 
|  23|0x0000000084d00000, 0x0000000084d00000, 0x0000000084e00000|  0%| F|  |TAMS 0x0000000084d00000, 0x0000000084d00000| Untracked 
|  24|0x0000000084e00000, 0x0000000084e00000, 0x0000000084f00000|  0%| F|  |TAMS 0x0000000084e00000, 0x0000000084e00000| Untracked 
|  25|0x0000000084f00000, 0x0000000084f00000, 0x0000000085000000|  0%| F|  |TAMS 0x0000000084f00000, 0x0000000084f00000| Untracked 
|  26|0x0000000085000000, 0x0000000085000000, 0x0000000085100000|  0%| F|  |TAMS 0x0000000085000000, 0x0000000085000000| Untracked 
|  27|0x0000000085100000, 0x0000000085100000, 0x0000000085200000|  0%| F|  |TAMS 0x0000000085100000, 0x0000000085100000| Untracked 
|  28|0x0000000085200000, 0x0000000085200000, 0x0000000085300000|  0%| F|  |TAMS 0x0000000085200000, 0x0000000085200000| Untracked 
|  29|0x0000000085300000, 0x0000000085300000, 0x0000000085400000|  0%| F|  |TAMS 0x0000000085300000, 0x0000000085300000| Untracked 
|  30|0x0000000085400000, 0x0000000085400000, 0x0000000085500000|  0%| F|  |TAMS 0x0000000085400000, 0x0000000085400000| Untracked 
|  31|0x0000000085500000, 0x0000000085500000, 0x0000000085600000|  0%| F|  |TAMS 0x0000000085500000, 0x0000000085500000| Untracked 
|  32|0x0000000085600000, 0x0000000085600000, 0x0000000085700000|  0%| F|  |TAMS 0x0000000085600000, 0x0000000085600000| Untracked 
|  33|0x0000000085700000, 0x0000000085700000, 0x0000000085800000|  0%| F|  |TAMS 0x0000000085700000, 0x0000000085700000| Untracked 
|  34|0x0000000085800000, 0x0000000085800000, 0x0000000085900000|  0%| F|  |TAMS 0x0000000085800000, 0x0000000085800000| Untracked 
|  35|0x0000000085900000, 0x0000000085900000, 0x0000000085a00000|  0%| F|  |TAMS 0x0000000085900000, 0x0000000085900000| Untracked 
|  36|0x0000000085a00000, 0x0000000085a00000, 0x0000000085b00000|  0%| F|  |TAMS 0x0000000085a00000, 0x0000000085a00000| Untracked 
|  37|0x0000000085b00000, 0x0000000085b00000, 0x0000000085c00000|  0%| F|  |TAMS 0x0000000085b00000, 0x0000000085b00000| Untracked 
|  38|0x0000000085c00000, 0x0000000085c00000, 0x0000000085d00000|  0%| F|  |TAMS 0x0000000085c00000, 0x0000000085c00000| Untracked 
|  39|0x0000000085d00000, 0x0000000085d00000, 0x0000000085e00000|  0%| F|  |TAMS 0x0000000085d00000, 0x0000000085d00000| Untracked 
|  40|0x0000000085e00000, 0x0000000085e00000, 0x0000000085f00000|  0%| F|  |TAMS 0x0000000085e00000, 0x0000000085e00000| Untracked 
|  41|0x0000000085f00000, 0x0000000085f00000, 0x0000000086000000|  0%| F|  |TAMS 0x0000000085f00000, 0x0000000085f00000| Untracked 
|  42|0x0000000086000000, 0x0000000086000000, 0x0000000086100000|  0%| F|  |TAMS 0x0000000086000000, 0x0000000086000000| Untracked 
|  43|0x0000000086100000, 0x0000000086100000, 0x0000000086200000|  0%| F|  |TAMS 0x0000000086100000, 0x0000000086100000| Untracked 
|  44|0x0000000086200000, 0x0000000086200000, 0x0000000086300000|  0%| F|  |TAMS 0x0000000086200000, 0x0000000086200000| Untracked 
|  45|0x0000000086300000, 0x0000000086300000, 0x0000000086400000|  0%| F|  |TAMS 0x0000000086300000, 0x0000000086300000| Untracked 
|  46|0x0000000086400000, 0x0000000086500000, 0x0000000086500000|100%| S|CS|TAMS 0x0000000086400000, 0x0000000086400000| Complete 
|  47|0x0000000086500000, 0x0000000086600000, 0x0000000086600000|100%| S|CS|TAMS 0x0000000086500000, 0x0000000086500000| Complete 
|  48|0x0000000086600000, 0x0000000086700000, 0x0000000086700000|100%| S|CS|TAMS 0x0000000086600000, 0x0000000086600000| Complete 
|  49|0x0000000086700000, 0x0000000086800000, 0x0000000086800000|100%| S|CS|TAMS 0x0000000086700000, 0x0000000086700000| Complete 
|  50|0x0000000086800000, 0x0000000086900000, 0x0000000086900000|100%| S|CS|TAMS 0x0000000086800000, 0x0000000086800000| Complete 
|  51|0x0000000086900000, 0x0000000086900000, 0x0000000086a00000|  0%| F|  |TAMS 0x0000000086900000, 0x0000000086900000| Untracked 
|  52|0x0000000086a00000, 0x0000000086a00000, 0x0000000086b00000|  0%| F|  |TAMS 0x0000000086a00000, 0x0000000086a00000| Untracked 
|  53|0x0000000086b00000, 0x0000000086b00000, 0x0000000086c00000|  0%| F|  |TAMS 0x0000000086b00000, 0x0000000086b00000| Untracked 
|  54|0x0000000086c00000, 0x0000000086c00000, 0x0000000086d00000|  0%| F|  |TAMS 0x0000000086c00000, 0x0000000086c00000| Untracked 
|  55|0x0000000086d00000, 0x0000000086d00000, 0x0000000086e00000|  0%| F|  |TAMS 0x0000000086d00000, 0x0000000086d00000| Untracked 
|  56|0x0000000086e00000, 0x0000000086f00000, 0x0000000086f00000|100%| E|  |TAMS 0x0000000086e00000, 0x0000000086e00000| Complete 
|  57|0x0000000086f00000, 0x0000000087000000, 0x0000000087000000|100%| E|CS|TAMS 0x0000000086f00000, 0x0000000086f00000| Complete 
|  58|0x0000000087000000, 0x0000000087100000, 0x0000000087100000|100%| E|CS|TAMS 0x0000000087000000, 0x0000000087000000| Complete 
|  59|0x0000000087100000, 0x0000000087200000, 0x0000000087200000|100%| E|CS|TAMS 0x0000000087100000, 0x0000000087100000| Complete 
|  60|0x0000000087200000, 0x0000000087300000, 0x0000000087300000|100%| E|CS|TAMS 0x0000000087200000, 0x0000000087200000| Complete 
|  61|0x0000000087300000, 0x0000000087400000, 0x0000000087400000|100%| E|CS|TAMS 0x0000000087300000, 0x0000000087300000| Complete 
|  62|0x0000000087400000, 0x0000000087500000, 0x0000000087500000|100%| E|CS|TAMS 0x0000000087400000, 0x0000000087400000| Complete 
|  63|0x0000000087500000, 0x0000000087600000, 0x0000000087600000|100%| E|CS|TAMS 0x0000000087500000, 0x0000000087500000| Complete 
|  64|0x0000000087600000, 0x0000000087700000, 0x0000000087700000|100%| E|CS|TAMS 0x0000000087600000, 0x0000000087600000| Complete 
|  65|0x0000000087700000, 0x0000000087800000, 0x0000000087800000|100%| E|CS|TAMS 0x0000000087700000, 0x0000000087700000| Complete 
|  66|0x0000000087800000, 0x0000000087900000, 0x0000000087900000|100%| E|CS|TAMS 0x0000000087800000, 0x0000000087800000| Complete 
|  67|0x0000000087900000, 0x0000000087a00000, 0x0000000087a00000|100%| E|CS|TAMS 0x0000000087900000, 0x0000000087900000| Complete 
|  68|0x0000000087a00000, 0x0000000087b00000, 0x0000000087b00000|100%| E|CS|TAMS 0x0000000087a00000, 0x0000000087a00000| Complete 
|  69|0x0000000087b00000, 0x0000000087c00000, 0x0000000087c00000|100%| E|CS|TAMS 0x0000000087b00000, 0x0000000087b00000| Complete 
|  70|0x0000000087c00000, 0x0000000087d00000, 0x0000000087d00000|100%| E|CS|TAMS 0x0000000087c00000, 0x0000000087c00000| Complete 
|  71|0x0000000087d00000, 0x0000000087e00000, 0x0000000087e00000|100%| E|CS|TAMS 0x0000000087d00000, 0x0000000087d00000| Complete 
|  72|0x0000000087e00000, 0x0000000087f00000, 0x0000000087f00000|100%| E|CS|TAMS 0x0000000087e00000, 0x0000000087e00000| Complete 
|  73|0x0000000087f00000, 0x0000000088000000, 0x0000000088000000|100%| E|CS|TAMS 0x0000000087f00000, 0x0000000087f00000| Complete 
|  74|0x0000000088000000, 0x0000000088100000, 0x0000000088100000|100%| E|CS|TAMS 0x0000000088000000, 0x0000000088000000| Complete 
|  75|0x0000000088100000, 0x0000000088200000, 0x0000000088200000|100%| E|CS|TAMS 0x0000000088100000, 0x0000000088100000| Complete 
|  76|0x0000000088200000, 0x0000000088300000, 0x0000000088300000|100%| E|CS|TAMS 0x0000000088200000, 0x0000000088200000| Complete 
|  77|0x0000000088300000, 0x0000000088400000, 0x0000000088400000|100%| E|CS|TAMS 0x0000000088300000, 0x0000000088300000| Complete 
|  78|0x0000000088400000, 0x0000000088500000, 0x0000000088500000|100%| E|CS|TAMS 0x0000000088400000, 0x0000000088400000| Complete 
|  79|0x0000000088500000, 0x0000000088600000, 0x0000000088600000|100%| E|CS|TAMS 0x0000000088500000, 0x0000000088500000| Complete 
|  80|0x0000000088600000, 0x0000000088700000, 0x0000000088700000|100%| E|CS|TAMS 0x0000000088600000, 0x0000000088600000| Complete 
|  81|0x0000000088700000, 0x0000000088800000, 0x0000000088800000|100%| E|CS|TAMS 0x0000000088700000, 0x0000000088700000| Complete 
|  82|0x0000000088800000, 0x0000000088900000, 0x0000000088900000|100%| E|CS|TAMS 0x0000000088800000, 0x0000000088800000| Complete 
|  83|0x0000000088900000, 0x0000000088a00000, 0x0000000088a00000|100%| E|CS|TAMS 0x0000000088900000, 0x0000000088900000| Complete 
|  84|0x0000000088a00000, 0x0000000088b00000, 0x0000000088b00000|100%| E|CS|TAMS 0x0000000088a00000, 0x0000000088a00000| Complete 
|  85|0x0000000088b00000, 0x0000000088c00000, 0x0000000088c00000|100%| E|CS|TAMS 0x0000000088b00000, 0x0000000088b00000| Complete 
|  86|0x0000000088c00000, 0x0000000088d00000, 0x0000000088d00000|100%| E|CS|TAMS 0x0000000088c00000, 0x0000000088c00000| Complete 
|  87|0x0000000088d00000, 0x0000000088e00000, 0x0000000088e00000|100%| E|CS|TAMS 0x0000000088d00000, 0x0000000088d00000| Complete 
|  88|0x0000000088e00000, 0x0000000088f00000, 0x0000000088f00000|100%| E|CS|TAMS 0x0000000088e00000, 0x0000000088e00000| Complete 
|  89|0x0000000088f00000, 0x0000000089000000, 0x0000000089000000|100%| E|CS|TAMS 0x0000000088f00000, 0x0000000088f00000| Complete 
|  90|0x0000000089000000, 0x0000000089100000, 0x0000000089100000|100%| E|CS|TAMS 0x0000000089000000, 0x0000000089000000| Complete 
|  91|0x0000000089100000, 0x0000000089200000, 0x0000000089200000|100%| E|CS|TAMS 0x0000000089100000, 0x0000000089100000| Complete 
|  92|0x0000000089200000, 0x0000000089300000, 0x0000000089300000|100%| E|CS|TAMS 0x0000000089200000, 0x0000000089200000| Complete 
|  93|0x0000000089300000, 0x0000000089400000, 0x0000000089400000|100%| E|CS|TAMS 0x0000000089300000, 0x0000000089300000| Complete 
|  94|0x0000000089400000, 0x0000000089500000, 0x0000000089500000|100%| E|CS|TAMS 0x0000000089400000, 0x0000000089400000| Complete 
|  95|0x0000000089500000, 0x0000000089600000, 0x0000000089600000|100%| E|CS|TAMS 0x0000000089500000, 0x0000000089500000| Complete 
|  96|0x0000000089600000, 0x0000000089700000, 0x0000000089700000|100%| E|CS|TAMS 0x0000000089600000, 0x0000000089600000| Complete 
|  97|0x0000000089700000, 0x0000000089800000, 0x0000000089800000|100%| E|CS|TAMS 0x0000000089700000, 0x0000000089700000| Complete 
|  98|0x0000000089800000, 0x0000000089900000, 0x0000000089900000|100%| E|CS|TAMS 0x0000000089800000, 0x0000000089800000| Complete 
|  99|0x0000000089900000, 0x0000000089a00000, 0x0000000089a00000|100%| E|CS|TAMS 0x0000000089900000, 0x0000000089900000| Complete 
| 100|0x0000000089a00000, 0x0000000089b00000, 0x0000000089b00000|100%| E|CS|TAMS 0x0000000089a00000, 0x0000000089a00000| Complete 
| 101|0x0000000089b00000, 0x0000000089c00000, 0x0000000089c00000|100%| E|CS|TAMS 0x0000000089b00000, 0x0000000089b00000| Complete 
| 102|0x0000000089c00000, 0x0000000089d00000, 0x0000000089d00000|100%| E|CS|TAMS 0x0000000089c00000, 0x0000000089c00000| Complete 
| 103|0x0000000089d00000, 0x0000000089e00000, 0x0000000089e00000|100%| E|CS|TAMS 0x0000000089d00000, 0x0000000089d00000| Complete 
| 104|0x0000000089e00000, 0x0000000089f00000, 0x0000000089f00000|100%| E|CS|TAMS 0x0000000089e00000, 0x0000000089e00000| Complete 
| 105|0x0000000089f00000, 0x000000008a000000, 0x000000008a000000|100%| E|CS|TAMS 0x0000000089f00000, 0x0000000089f00000| Complete 
| 106|0x000000008a000000, 0x000000008a100000, 0x000000008a100000|100%| E|CS|TAMS 0x000000008a000000, 0x000000008a000000| Complete 
| 107|0x000000008a100000, 0x000000008a200000, 0x000000008a200000|100%| E|CS|TAMS 0x000000008a100000, 0x000000008a100000| Complete 
| 108|0x000000008a200000, 0x000000008a300000, 0x000000008a300000|100%| E|CS|TAMS 0x000000008a200000, 0x000000008a200000| Complete 
| 109|0x000000008a300000, 0x000000008a400000, 0x000000008a400000|100%| E|CS|TAMS 0x000000008a300000, 0x000000008a300000| Complete 
| 110|0x000000008a400000, 0x000000008a500000, 0x000000008a500000|100%| E|CS|TAMS 0x000000008a400000, 0x000000008a400000| Complete 
| 111|0x000000008a500000, 0x000000008a600000, 0x000000008a600000|100%| E|CS|TAMS 0x000000008a500000, 0x000000008a500000| Complete 
| 112|0x000000008a600000, 0x000000008a700000, 0x000000008a700000|100%| E|CS|TAMS 0x000000008a600000, 0x000000008a600000| Complete 
| 113|0x000000008a700000, 0x000000008a800000, 0x000000008a800000|100%| E|CS|TAMS 0x000000008a700000, 0x000000008a700000| Complete 
| 114|0x000000008a800000, 0x000000008a900000, 0x000000008a900000|100%| E|CS|TAMS 0x000000008a800000, 0x000000008a800000| Complete 
| 115|0x000000008a900000, 0x000000008aa00000, 0x000000008aa00000|100%| E|CS|TAMS 0x000000008a900000, 0x000000008a900000| Complete 
| 116|0x000000008aa00000, 0x000000008ab00000, 0x000000008ab00000|100%| E|CS|TAMS 0x000000008aa00000, 0x000000008aa00000| Complete 
| 117|0x000000008ab00000, 0x000000008ac00000, 0x000000008ac00000|100%| E|CS|TAMS 0x000000008ab00000, 0x000000008ab00000| Complete 
| 118|0x000000008ac00000, 0x000000008ad00000, 0x000000008ad00000|100%| E|CS|TAMS 0x000000008ac00000, 0x000000008ac00000| Complete 
| 119|0x000000008ad00000, 0x000000008ae00000, 0x000000008ae00000|100%| E|CS|TAMS 0x000000008ad00000, 0x000000008ad00000| Complete 
| 120|0x000000008ae00000, 0x000000008af00000, 0x000000008af00000|100%| E|CS|TAMS 0x000000008ae00000, 0x000000008ae00000| Complete 
| 121|0x000000008af00000, 0x000000008b000000, 0x000000008b000000|100%| E|CS|TAMS 0x000000008af00000, 0x000000008af00000| Complete 
| 122|0x000000008b000000, 0x000000008b100000, 0x000000008b100000|100%| E|CS|TAMS 0x000000008b000000, 0x000000008b000000| Complete 
| 123|0x000000008b100000, 0x000000008b200000, 0x000000008b200000|100%| E|CS|TAMS 0x000000008b100000, 0x000000008b100000| Complete 
| 124|0x000000008b200000, 0x000000008b300000, 0x000000008b300000|100%| E|CS|TAMS 0x000000008b200000, 0x000000008b200000| Complete 
| 125|0x000000008b300000, 0x000000008b400000, 0x000000008b400000|100%| E|CS|TAMS 0x000000008b300000, 0x000000008b300000| Complete 

Card table byte_map: [0x0000028d0f3f0000,0x0000028d0f7e0000] _byte_map_base: 0x0000028d0efd5000

Marking Bits (Prev, Next): (CMBitMap*) 0x0000028d781f2c20, (CMBitMap*) 0x0000028d781f2c60
 Prev Bits: [0x0000028d0fbd0000, 0x0000028d11af8000)
 Next Bits: [0x0000028d11b00000, 0x0000028d13a28000)

Polling page: 0x0000028d760a0000

Metaspace:

Usage:
  Non-class:      1.22 MB used.
      Class:     74.87 KB used.
       Both:      1.29 MB used.

Virtual space:
  Non-class space:       64.00 MB reserved,       1.31 MB (  2%) committed,  1 nodes.
      Class space:        1.00 GB reserved,     128.00 KB ( <1%) committed,  1 nodes.
             Both:        1.06 GB reserved,       1.44 MB ( <1%) committed. 

Chunk freelists:
   Non-Class:  11.92 MB
       Class:  15.73 MB
        Both:  27.65 MB

MaxMetaspaceSize: unlimited
CompressedClassSpaceSize: 1.00 GB
Initial GC threshold: 21.00 MB
Current GC threshold: 21.00 MB
CDS: on
MetaspaceReclaimPolicy: balanced
 - commit_granule_bytes: 65536.
 - commit_granule_words: 8192.
 - virtual_space_node_default_size: 8388608.
 - enlarge_chunks_in_place: 1.
 - new_chunks_are_fully_committed: 0.
 - uncommit_free_chunks: 1.
 - use_allocation_guard: 0.
 - handle_deallocations: 1.


Internal statistics:

num_allocs_failed_limit: 0.
num_arena_births: 8.
num_arena_deaths: 0.
num_vsnodes_births: 2.
num_vsnodes_deaths: 0.
num_space_committed: 23.
num_space_uncommitted: 0.
num_chunks_returned_to_freelist: 0.
num_chunks_taken_from_freelist: 16.
num_chunk_merges: 0.
num_chunk_splits: 10.
num_chunks_enlarged: 7.
num_purges: 0.
num_inconsistent_stats: 0.

CodeHeap 'non-profiled nmethods': size=120000Kb used=542Kb max_used=542Kb free=119457Kb
 bounds [0x0000028d07ad0000, 0x0000028d07d40000, 0x0000028d0f000000]
CodeHeap 'profiled nmethods': size=120000Kb used=1538Kb max_used=1538Kb free=118461Kb
 bounds [0x0000028d00000000, 0x0000028d00270000, 0x0000028d07530000]
CodeHeap 'non-nmethods': size=5760Kb used=1144Kb max_used=1181Kb free=4615Kb
 bounds [0x0000028d07530000, 0x0000028d077a0000, 0x0000028d07ad0000]
 total_blobs=1292 nmethods=876 adapters=329
 compilation: enabled
              stopped_count=0, restarted_count=0
 full_count=0

Compilation events (20 events):
Event: 18.908 Thread 0x0000028d16517d00 nmethod 871 0x0000028d07b4b010 code [0x0000028d07b4b1a0, 0x0000028d07b4b2d8]
Event: 18.908 Thread 0x0000028d16517d00  870       4       java.time.format.DateTimeFormatterBuilder::appendValue (134 bytes)
Event: 18.914 Thread 0x0000028d16517d00 nmethod 870 0x0000028d07b4b410 code [0x0000028d07b4b5c0, 0x0000028d07b4c068]
Event: 18.914 Thread 0x0000028d16517d00  784       4       java.util.stream.IntPipeline::adapt (37 bytes)
Event: 18.914 Thread 0x0000028d16517d00 nmethod 784 0x0000028d07b4c590 code [0x0000028d07b4c700, 0x0000028d07b4c798]
Event: 18.914 Thread 0x0000028d16517d00  785       4       java.util.stream.IntPipeline$10$1::accept (27 bytes)
Event: 18.917 Thread 0x0000028d16517d00 nmethod 785 0x0000028d07b4c890 code [0x0000028d07b4ca40, 0x0000028d07b4ce78]
Event: 18.917 Thread 0x0000028d16517d00  787       4       java.util.stream.FindOps$FindSink$OfInt::accept (9 bytes)
Event: 18.919 Thread 0x0000028d16517d00 nmethod 787 0x0000028d07b4d210 code [0x0000028d07b4d3a0, 0x0000028d07b4d5b8]
Event: 18.919 Thread 0x0000028d16517d00  788       4       java.util.stream.Sink$ChainedInt::end (10 bytes)
Event: 18.919 Thread 0x0000028d16517d00 nmethod 788 0x0000028d07b4d710 code [0x0000028d07b4d880, 0x0000028d07b4d938]
Event: 18.919 Thread 0x0000028d16517d00  875       4       java.util.Scanner::findPatternInBuffer (169 bytes)
Event: 18.932 Thread 0x0000028d16517d00 nmethod 875 0x0000028d07b4da10 code [0x0000028d07b4dbe0, 0x0000028d07b4ea88]
Event: 18.932 Thread 0x0000028d16517d00  887       4       java.util.regex.Pattern::sequence (647 bytes)
Event: 18.936 Thread 0x0000028d16517d00 nmethod 887 0x0000028d07b4f190 code [0x0000028d07b4f340, 0x0000028d07b4f808]
Event: 18.936 Thread 0x0000028d16517d00  885       4       java.time.format.DateTimeFormatterBuilder::toFormatter (57 bytes)
Event: 18.941 Thread 0x0000028d16517d00 nmethod 885 0x0000028d07b4fb90 code [0x0000028d07b4fd40, 0x0000028d07b50518]
Event: 18.941 Thread 0x0000028d16517d00  896       4       java.util.regex.Pattern::compile (500 bytes)
Event: 18.942 Thread 0x0000028d162495e0  898       2       java.nio.HeapByteBuffer::ix (7 bytes)
Event: 18.942 Thread 0x0000028d162495e0 nmethod 898 0x0000028d00180790 code [0x0000028d00180920, 0x0000028d00180a38]

GC Heap History (6 events):
Event: 18.770 GC heap before
{Heap before GC invocations=0 (full 0):
 garbage-first heap   total 129024K, used 23552K [0x0000000083600000, 0x0000000100000000)
  region size 1024K, 23 young (23552K), 0 survivors (0K)
 Metaspace       used 1288K, committed 1408K, reserved 1114112K
  class space    used 74K, committed 128K, reserved 1048576K
}
Event: 18.772 GC heap after
{Heap after GC invocations=1 (full 0):
 garbage-first heap   total 129024K, used 2047K [0x0000000083600000, 0x0000000100000000)
  region size 1024K, 2 young (2048K), 2 survivors (2048K)
 Metaspace       used 1288K, committed 1408K, reserved 1114112K
  class space    used 74K, committed 128K, reserved 1048576K
}
Event: 18.816 GC heap before
{Heap before GC invocations=1 (full 0):
 garbage-first heap   total 129024K, used 38911K [0x0000000083600000, 0x0000000100000000)
  region size 1024K, 38 young (38912K), 2 survivors (2048K)
 Metaspace       used 1315K, committed 1472K, reserved 1114112K
  class space    used 74K, committed 128K, reserved 1048576K
}
Event: 18.820 GC heap after
{Heap after GC invocations=2 (full 0):
 garbage-first heap   total 129024K, used 3035K [0x0000000083600000, 0x0000000100000000)
  region size 1024K, 3 young (3072K), 3 survivors (3072K)
 Metaspace       used 1315K, committed 1472K, reserved 1114112K
  class space    used 74K, committed 128K, reserved 1048576K
}
Event: 18.893 GC heap before
{Heap before GC invocations=2 (full 0):
 garbage-first heap   total 129024K, used 76763K [0x0000000083600000, 0x0000000100000000)
  region size 1024K, 75 young (76800K), 3 survivors (3072K)
 Metaspace       used 1324K, committed 1472K, reserved 1114112K
  class space    used 74K, committed 128K, reserved 1048576K
}
Event: 18.899 GC heap after
{Heap after GC invocations=3 (full 0):
 garbage-first heap   total 129024K, used 5120K [0x0000000083600000, 0x0000000100000000)
  region size 1024K, 5 young (5120K), 5 survivors (5120K)
 Metaspace       used 1324K, committed 1472K, reserved 1114112K
  class space    used 74K, committed 128K, reserved 1048576K
}

Deoptimization events (20 events):
Event: 18.857 Thread 0x0000028d761ab790 Uncommon trap: trap_request=0xffffffd6 fr.pc=0x0000028d07b369cc relative=0x000000000000052c
Event: 18.857 Thread 0x0000028d761ab790 Uncommon trap: reason=array_check action=maybe_recompile pc=0x0000028d07b369cc method=java.util.Scanner$PatternLRUCache.moveToFront([Ljava/lang/Object;I)V @ 21 c2
Event: 18.857 Thread 0x0000028d761ab790 DEOPT PACKING pc=0x0000028d07b369cc sp=0x000000ab529fedc0
Event: 18.857 Thread 0x0000028d761ab790 DEOPT UNPACKING pc=0x0000028d07585ba3 sp=0x000000ab529fed58 mode 2
Event: 18.857 Thread 0x0000028d761ab790 Uncommon trap: trap_request=0xffffffd6 fr.pc=0x0000028d07b369cc relative=0x000000000000052c
Event: 18.857 Thread 0x0000028d761ab790 Uncommon trap: reason=array_check action=maybe_recompile pc=0x0000028d07b369cc method=java.util.Scanner$PatternLRUCache.moveToFront([Ljava/lang/Object;I)V @ 21 c2
Event: 18.857 Thread 0x0000028d761ab790 DEOPT PACKING pc=0x0000028d07b369cc sp=0x000000ab529fedc0
Event: 18.857 Thread 0x0000028d761ab790 DEOPT UNPACKING pc=0x0000028d07585ba3 sp=0x000000ab529fed58 mode 2
Event: 18.864 Thread 0x0000028d761ab790 Uncommon trap: trap_request=0xffffffd6 fr.pc=0x0000028d07b3a11c relative=0x000000000000077c
Event: 18.864 Thread 0x0000028d761ab790 Uncommon trap: reason=array_check action=maybe_recompile pc=0x0000028d07b3a11c method=java.util.Scanner$PatternLRUCache.moveToFront([Ljava/lang/Object;I)V @ 31 c2
Event: 18.864 Thread 0x0000028d761ab790 DEOPT PACKING pc=0x0000028d07b3a11c sp=0x000000ab529feda0
Event: 18.864 Thread 0x0000028d761ab790 DEOPT UNPACKING pc=0x0000028d07585ba3 sp=0x000000ab529fed58 mode 2
Event: 18.864 Thread 0x0000028d761ab790 Uncommon trap: trap_request=0xffffffd6 fr.pc=0x0000028d07b3a11c relative=0x000000000000077c
Event: 18.864 Thread 0x0000028d761ab790 Uncommon trap: reason=array_check action=maybe_recompile pc=0x0000028d07b3a11c method=java.util.Scanner$PatternLRUCache.moveToFront([Ljava/lang/Object;I)V @ 31 c2
Event: 18.864 Thread 0x0000028d761ab790 DEOPT PACKING pc=0x0000028d07b3a11c sp=0x000000ab529feda0
Event: 18.864 Thread 0x0000028d761ab790 DEOPT UNPACKING pc=0x0000028d07585ba3 sp=0x000000ab529fed58 mode 2
Event: 18.941 Thread 0x0000028d761ab790 Uncommon trap: trap_request=0xffffffdc fr.pc=0x0000028d07b500ac relative=0x000000000000036c
Event: 18.941 Thread 0x0000028d761ab790 Uncommon trap: reason=class_check action=make_not_entrant pc=0x0000028d07b500ac method=java.util.ArrayList.toArray([Ljava/lang/Object;)[Ljava/lang/Object; @ 21 c2
Event: 18.941 Thread 0x0000028d761ab790 DEOPT PACKING pc=0x0000028d07b500ac sp=0x000000ab529fee30
Event: 18.941 Thread 0x0000028d761ab790 DEOPT UNPACKING pc=0x0000028d07585ba3 sp=0x000000ab529fed00 mode 2

Classes unloaded (0 events):
No events

Classes redefined (0 events):
No events

Internal exceptions (0 events):
No events

VM Operations (10 events):
Event: 1.025 Executing VM operation: Cleanup
Event: 1.025 Executing VM operation: Cleanup done
Event: 18.623 Executing VM operation: HandshakeAllThreads
Event: 18.623 Executing VM operation: HandshakeAllThreads done
Event: 18.770 Executing VM operation: G1CollectForAllocation
Event: 18.772 Executing VM operation: G1CollectForAllocation done
Event: 18.816 Executing VM operation: G1CollectForAllocation
Event: 18.820 Executing VM operation: G1CollectForAllocation done
Event: 18.893 Executing VM operation: G1CollectForAllocation
Event: 18.899 Executing VM operation: G1CollectForAllocation done

Events (20 events):
Event: 18.645 loading class java/util/MissingResourceException
Event: 18.645 loading class java/util/MissingResourceException done
Event: 18.645 loading class sun/util/resources/ParallelListResourceBundle$KeySet
Event: 18.645 loading class sun/util/resources/ParallelListResourceBundle$KeySet done
Event: 18.646 loading class java/time/ZonedDateTime
Event: 18.646 loading class java/time/chrono/ChronoZonedDateTime
Event: 18.646 loading class java/time/chrono/ChronoZonedDateTime done
Event: 18.646 loading class java/time/ZonedDateTime done
Event: 18.646 loading class java/time/OffsetDateTime
Event: 18.646 loading class java/time/OffsetDateTime done
Event: 18.647 loading class java/time/Month
Event: 18.647 loading class java/time/Month done
Event: 18.647 loading class java/time/Year
Event: 18.647 loading class java/time/Year done
Event: 18.647 loading class java/time/Month$1
Event: 18.647 loading class java/time/Month$1 done
Event: 18.664 Thread 0x0000028d16517d00 Thread added: 0x0000028d16517d00
Event: 18.685 Thread 0x0000028d166f3fe0 Thread added: 0x0000028d166f3fe0
Event: 18.745 loading class jdk/internal/access/foreign/MemorySegmentProxy
Event: 18.745 loading class jdk/internal/access/foreign/MemorySegmentProxy done


Dynamic libraries:
0x00007ff750900000 - 0x00007ff750910000 	C:\Program Files\Java\jdk-17\bin\javaw.exe
0x00007ffb19110000 - 0x00007ffb19308000 	C:\Windows\SYSTEM32\ntdll.dll
0x00007ffb17b10000 - 0x00007ffb17bd2000 	C:\Windows\System32\KERNEL32.DLL
0x00007ffb16b00000 - 0x00007ffb16dfe000 	C:\Windows\System32\KERNELBASE.dll
0x00007ffb16eb0000 - 0x00007ffb16fb0000 	C:\Windows\System32\ucrtbase.dll
0x00007ffa9b2a0000 - 0x00007ffa9b2b9000 	C:\Program Files\Java\jdk-17\bin\jli.dll
0x00007ffa9b2c0000 - 0x00007ffa9b2db000 	C:\Program Files\Java\jdk-17\bin\VCRUNTIME140.dll
0x00007ffb17130000 - 0x00007ffb171e1000 	C:\Windows\System32\ADVAPI32.dll
0x00007ffb179b0000 - 0x00007ffb17a4e000 	C:\Windows\System32\msvcrt.dll
0x00007ffb171f0000 - 0x00007ffb1728f000 	C:\Windows\System32\sechost.dll
0x00007ffb177d0000 - 0x00007ffb178f3000 	C:\Windows\System32\RPCRT4.dll
0x00007ffb167e0000 - 0x00007ffb16807000 	C:\Windows\System32\bcrypt.dll
0x00007ffb189e0000 - 0x00007ffb18b7d000 	C:\Windows\System32\USER32.dll
0x00007ffb167b0000 - 0x00007ffb167d2000 	C:\Windows\System32\win32u.dll
0x00007ffaf7560000 - 0x00007ffaf77fa000 	C:\Windows\WinSxS\amd64_microsoft.windows.common-controls_6595b64144ccf1df_6.0.19041.4355_none_60b8b9eb71f62e16\COMCTL32.dll
0x00007ffb17900000 - 0x00007ffb1792b000 	C:\Windows\System32\GDI32.dll
0x00007ffb169e0000 - 0x00007ffb16af7000 	C:\Windows\System32\gdi32full.dll
0x00007ffb16fb0000 - 0x00007ffb1704d000 	C:\Windows\System32\msvcp_win.dll
0x00007ffb0de20000 - 0x00007ffb0de2a000 	C:\Windows\SYSTEM32\VERSION.dll
0x00007ffb17ae0000 - 0x00007ffb17b0f000 	C:\Windows\System32\IMM32.DLL
0x00007ffadc1c0000 - 0x00007ffadc1cc000 	C:\Program Files\Java\jdk-17\bin\vcruntime140_1.dll
0x00007ffa9ab60000 - 0x00007ffa9abee000 	C:\Program Files\Java\jdk-17\bin\msvcp140.dll
0x00007ffa70860000 - 0x00007ffa7143e000 	C:\Program Files\Java\jdk-17\bin\server\jvm.dll
0x00007ffb172f0000 - 0x00007ffb172f8000 	C:\Windows\System32\PSAPI.DLL
0x00007ffb0fcd0000 - 0x00007ffb0fcf7000 	C:\Windows\SYSTEM32\WINMM.dll
0x00007ffaf7c20000 - 0x00007ffaf7c29000 	C:\Windows\SYSTEM32\WSOCK32.dll
0x00007ffb17c00000 - 0x00007ffb17c6b000 	C:\Windows\System32\WS2_32.dll
0x00007ffb14fc0000 - 0x00007ffb14fd2000 	C:\Windows\SYSTEM32\kernel.appcore.dll
0x00007ffad8910000 - 0x00007ffad891a000 	C:\Program Files\Java\jdk-17\bin\jimage.dll
0x00007ffb14370000 - 0x00007ffb14554000 	C:\Windows\SYSTEM32\DBGHELP.DLL
0x00007ffb0fc70000 - 0x00007ffb0fca4000 	C:\Windows\SYSTEM32\dbgcore.DLL
0x00007ffb17050000 - 0x00007ffb170d2000 	C:\Windows\System32\bcryptPrimitives.dll
0x00007ffa92770000 - 0x00007ffa92795000 	C:\Program Files\Java\jdk-17\bin\java.dll
0x00007ffa71730000 - 0x00007ffa71807000 	C:\Program Files\Java\jdk-17\bin\jsvml.dll
0x00007ffb17c70000 - 0x00007ffb183dd000 	C:\Windows\System32\SHELL32.dll
0x00007ffb14810000 - 0x00007ffb14fb4000 	C:\Windows\SYSTEM32\windows.storage.dll
0x00007ffb17410000 - 0x00007ffb17763000 	C:\Windows\System32\combase.dll
0x00007ffb161e0000 - 0x00007ffb1620e000 	C:\Windows\SYSTEM32\Wldp.dll
0x00007ffb18640000 - 0x00007ffb1870d000 	C:\Windows\System32\OLEAUT32.dll
0x00007ffb18590000 - 0x00007ffb1863d000 	C:\Windows\System32\SHCORE.dll
0x00007ffb17290000 - 0x00007ffb172e5000 	C:\Windows\System32\shlwapi.dll
0x00007ffb166e0000 - 0x00007ffb16704000 	C:\Windows\SYSTEM32\profapi.dll
0x00007ffa9ab40000 - 0x00007ffa9ab59000 	C:\Program Files\Java\jdk-17\bin\net.dll
0x00007ffb0f760000 - 0x00007ffb0f86d000 	C:\Windows\SYSTEM32\WINHTTP.dll
0x00007ffb15f40000 - 0x00007ffb15faa000 	C:\Windows\system32\mswsock.dll
0x00007ffa92750000 - 0x00007ffa92766000 	C:\Program Files\Java\jdk-17\bin\nio.dll
0x00007ffa92730000 - 0x00007ffa92748000 	C:\Program Files\Java\jdk-17\bin\zip.dll

dbghelp: loaded successfully - version: 4.0.5 - missing functions: none
symbol engine: initialized successfully - sym options: 0x614 - pdb path: .;C:\Program Files\Java\jdk-17\bin;C:\Windows\SYSTEM32;C:\Windows\WinSxS\amd64_microsoft.windows.common-controls_6595b64144ccf1df_6.0.19041.4355_none_60b8b9eb71f62e16;C:\Program Files\Java\jdk-17\bin\server

VM Arguments:
jvm_args: -Xss8m -Dfile.encoding=UTF-8 -Dstdout.encoding=UTF-8 -Dstderr.encoding=UTF-8 -XX:+ShowCodeDetailsInExceptionMessages 
java_command: edu.ncsu.csc316.activity.ui.UserActivityLogManagerUI
java_class_path (initial): C:\Users\acull\OneDrive\Documents\csc316-002-P-011\UserActivityLogManager\bin;C:\Users\acull\.p2\pool\plugins\junit-jupiter-api_5.10.1.jar;C:\Users\acull\.p2\pool\plugins\junit-jupiter-engine_5.10.1.jar;C:\Users\acull\.p2\pool\plugins\junit-jupiter-migrationsupport_5.10.1.jar;C:\Users\acull\.p2\pool\plugins\junit-jupiter-params_5.10.1.jar;C:\Users\acull\.p2\pool\plugins\junit-platform-commons_1.10.1.jar;C:\Users\acull\.p2\pool\plugins\junit-platform-engine_1.10.1.jar;C:\Users\acull\.p2\pool\plugins\junit-platform-launcher_1.10.1.jar;C:\Users\acull\.p2\pool\plugins\junit-platform-runner_1.10.1.jar;C:\Users\acull\.p2\pool\plugins\junit-platform-suite-api_1.10.1.jar;C:\Users\acull\.p2\pool\plugins\junit-platform-suite-engine_1.10.1.jar;C:\Users\acull\.p2\pool\plugins\junit-platform-suite-commons_1.10.1.jar;C:\Users\acull\.p2\pool\plugins\junit-vintage-engine_5.10.1.jar;C:\Users\acull\.p2\pool\plugins\org.opentest4j_1.3.0.jar;C:\Users\acull\.p2\pool\plugins\org.apiguardian.api_1.1.2.jar;C:\Users\acull\.p2\pool\plugins\org.junit_4.13.2.v20230809-1000.jar;C:\Users\acull\.p2\pool\plugins\org.hamcrest_2.2.0.jar;C:\Users\acull\.p2\pool\plugins\org.hamcrest.core_2.2.0.v20230809-1000.jar;C:\Users\acull\OneDrive\Documents\csc316-002-P-011\UserActivityLogManager\lib\DataStructures.jar;C:\Users\acull\OneDrive\Documents\csc316-002-P-011\UserActivityLogManager\lib\UserActivityLogManagerLibrary (3).jar
Launcher Type: SUN_STANDARD

[Global flags]
     intx CICompilerCount                          = 4                                         {product} {ergonomic}
     uint ConcGCThreads                            = 2                                         {product} {ergonomic}
     uint G1ConcRefinementThreads                  = 8                                         {product} {ergonomic}
   size_t G1HeapRegionSize                         = 1048576                                   {product} {ergonomic}
    uintx GCDrainStackTargetSize                   = 64                                        {product} {ergonomic}
   size_t InitialHeapSize                          = 132120576                                 {product} {ergonomic}
   size_t MarkStackSize                            = 4194304                                   {product} {ergonomic}
   size_t MaxHeapSize                              = 2090860544                                {product} {ergonomic}
   size_t MaxNewSize                               = 1254096896                                {product} {ergonomic}
   size_t MinHeapDeltaBytes                        = 1048576                                   {product} {ergonomic}
   size_t MinHeapSize                              = 8388608                                   {product} {ergonomic}
    uintx NonNMethodCodeHeapSize                   = 5839372                                {pd product} {ergonomic}
    uintx NonProfiledCodeHeapSize                  = 122909434                              {pd product} {ergonomic}
    uintx ProfiledCodeHeapSize                     = 122909434                              {pd product} {ergonomic}
    uintx ReservedCodeCacheSize                    = 251658240                              {pd product} {ergonomic}
     bool SegmentedCodeCache                       = true                                      {product} {ergonomic}
     bool ShowCodeDetailsInExceptionMessages       = true                                   {manageable} {command line}
   size_t SoftMaxHeapSize                          = 2090860544                             {manageable} {ergonomic}
     intx ThreadStackSize                          = 8192                                   {pd product} {command line}
     bool UseCompressedClassPointers               = true                           {product lp64_product} {ergonomic}
     bool UseCompressedOops                        = true                           {product lp64_product} {ergonomic}
     bool UseG1GC                                  = true                                      {product} {ergonomic}
     bool UseLargePagesIndividualAllocation        = false                                  {pd product} {ergonomic}

Logging:
Log output configuration:
 #0: stdout all=warning uptime,level,tags
 #1: stderr all=off uptime,level,tags

Environment Variables:
JAVA_HOME=C:\Program Files\Java\jdk-17
PATH=C:\Program Files\Common Files\Oracle\Java\javapath;C:\Windows\system32;C:\Windows;C:\Windows\System32\Wbem;C:\Windows\System32\WindowsPowerShell\v1.0\;C:\Windows\System32\OpenSSH\;C:\Program Files\Git\cmd;C:\Program Files\PuTTY\;C:\Users\acull\AppData\Local\Microsoft\WindowsApps;C:\Users\acull\AppData\Local\Programs\Microsoft VS Code\bin;C:\Program Files\Java\jdk-17\bin;C:\Users\acull\AppData\Roaming\TinyTeX\bin\windows
USERNAME=acull
OS=Windows_NT
PROCESSOR_IDENTIFIER=Intel64 Family 6 Model 140 Stepping 1, GenuineIntel



---------------  S Y S T E M  ---------------

OS:
 Windows 10 , 64 bit Build 19041 (10.0.19041.5072)
OS uptime: 0 days 1:58 hours

CPU: total 8 (initial active 8) (4 cores per cpu, 2 threads per core) family 6 model 140 stepping 1 microcode 0x8a, cx8, cmov, fxsr, ht, mmx, 3dnowpref, sse, sse2, sse3, ssse3, sse4.1, sse4.2, popcnt, lzcnt, tsc, tscinvbit, avx, avx2, aes, erms, clmul, bmi1, bmi2, adx, avx512f, avx512dq, avx512cd, avx512bw, avx512vl, sha, fma, vzeroupper, avx512_vpopcntdq, avx512_vpclmulqdq, avx512_vaes, avx512_vnni, clflush, clflushopt, clwb, avx512_vbmi2, avx512_vbmi

Memory: 4k page, system-wide physical 7975M (605M free)
TotalPageFile size 32551M (AvailPageFile size 5M)
current process WorkingSet (physical memory assigned to process): 138M, peak: 139M
current process commit charge ("private bytes"): 230M, peak: 233M

vm_info: Java HotSpot(TM) 64-Bit Server VM (17.0.8+9-LTS-211) for windows-amd64 JRE (17.0.8+9-LTS-211), built on Jun 14 2023 10:34:31 by "mach5one" with MS VC++ 17.1 (VS2022)

END.
