#
# There is insufficient memory for the Java Runtime Environment to continue.
# Native memory allocation (mmap) failed to map 132120576 bytes for G1 virtual space
# Possible reasons:
#   The system is out of physical RAM or swap space
#   The process is running with CompressedOops enabled, and the Java Heap may be blocking the growth of the native heap
# Possible solutions:
#   Reduce memory load on the system
#   Increase physical memory or swap space
#   Check if swap backing store is full
#   Decrease Java heap size (-Xmx/-Xms)
#   Decrease number of Java threads
#   Decrease Java thread stack sizes (-Xss)
#   Set larger code cache with -XX:ReservedCodeCacheSize=
#   JVM is running with Unscaled Compressed Oops mode in which the Java heap is
#     placed in the first 4GB address space. The Java Heap base address is the
#     maximum limit for the native heap growth. Please use -XX:HeapBaseMinAddress
#     to set the Java Heap base and to place the Java Heap above 4GB virtual address.
# This output file may be truncated or incomplete.
#
#  Out of Memory Error (os_windows.cpp:3550), pid=12956, tid=3172
#
# JRE version:  (17.0.8+9) (build )
# Java VM: Java HotSpot(TM) 64-Bit Server VM (17.0.8+9-LTS-211, mixed mode, sharing, tiered, compressed oops, compressed class ptrs, g1 gc, windows-amd64)
# No core dump will be written. Minidumps are not enabled by default on client versions of Windows
#

---------------  S U M M A R Y ------------

Command Line: -Xss8m -Dfile.encoding=UTF-8 -Dstdout.encoding=UTF-8 -Dstderr.encoding=UTF-8 -XX:+ShowCodeDetailsInExceptionMessages edu.ncsu.csc316.activity.ui.UserActivityLogManagerUI

Host: 11th Gen Intel(R) Core(TM) i5-1135G7 @ 2.40GHz, 8 cores, 7G,  Windows 10 , 64 bit Build 19041 (10.0.19041.5072)
Time: Thu Nov 14 19:36:57 2024 Eastern Standard Time elapsed time: 0.008177 seconds (0d 0h 0m 0s)

---------------  T H R E A D  ---------------

Current thread (0x000002987f9c76c0):  JavaThread "Unknown thread" [_thread_in_vm, id=3172, stack(0x000000c91fe00000,0x000000c920600000)]

Stack: [0x000000c91fe00000,0x000000c920600000]
Native frames: (J=compiled Java code, j=interpreted, Vv=VM code, C=native code)
V  [jvm.dll+0x677d0a]
V  [jvm.dll+0x7d8c54]
V  [jvm.dll+0x7da3fe]
V  [jvm.dll+0x7daa63]
V  [jvm.dll+0x245c5f]
V  [jvm.dll+0x674bb9]
V  [jvm.dll+0x6694f2]
V  [jvm.dll+0x3031d6]
V  [jvm.dll+0x30a756]
V  [jvm.dll+0x359f9e]
V  [jvm.dll+0x35a1cf]
V  [jvm.dll+0x2da3e8]
V  [jvm.dll+0x2db354]
V  [jvm.dll+0x7aa711]
V  [jvm.dll+0x367b51]
V  [jvm.dll+0x789979]
V  [jvm.dll+0x3eb05f]
V  [jvm.dll+0x3ecae1]
C  [jli.dll+0x5297]
C  [ucrtbase.dll+0x21bb2]
C  [KERNEL32.DLL+0x17374]
C  [ntdll.dll+0x4cc91]


---------------  P R O C E S S  ---------------

Threads class SMR info:
_java_thread_list=0x00007ffa713159d8, length=0, elements={
}

Java Threads: ( => current thread )

Other Threads:
  0x000002987fa20450 GCTaskThread "GC Thread#0" [stack: 0x000000c920600000,0x000000c920700000] [id=7064]
  0x000002987fa332a0 ConcurrentGCThread "G1 Main Marker" [stack: 0x000000c920700000,0x000000c920800000] [id=8508]
  0x000002987fa33ac0 ConcurrentGCThread "G1 Conc#0" [stack: 0x000000c920800000,0x000000c920900000] [id=11952]

[error occurred during error reporting (printing all threads), id 0xc0000005, EXCEPTION_ACCESS_VIOLATION (0xc0000005) at pc=0x00007ffa70b4b047]

VM state: not at safepoint (not fully initialized)

VM Mutex/Monitor currently owned by a thread:  ([mutex/lock_event])
[0x000002987f9c3300] Heap_lock - owner thread: 0x000002987f9c76c0

Heap address: 0x0000000083600000, size: 1994 MB, Compressed Oops mode: 32-bit

CDS archive(s) mapped at: [0x0000000000000000-0x0000000000000000-0x0000000000000000), size 0, SharedBaseAddress: 0x0000000800000000, ArchiveRelocationMode: 1.
Narrow klass base: 0x0000000000000000, Narrow klass shift: 0, Narrow klass range: 0x0

GC Precious Log:
<Empty>

Heap:
 garbage-first heap   total 0K, used 0K [0x0000000083600000, 0x0000000100000000)
  region size 1024K, 0 young (0K), 0 survivors (0K)

[error occurred during error reporting (printing heap information), id 0xc0000005, EXCEPTION_ACCESS_VIOLATION (0xc0000005) at pc=0x00007ffa70f31499]

GC Heap History (0 events):
No events

Deoptimization events (0 events):
No events

Classes unloaded (0 events):
No events

Classes redefined (0 events):
No events

Internal exceptions (0 events):
No events

VM Operations (0 events):
No events

Events (1 events):
Event: 0.004 Loaded shared library C:\Program Files\Java\jdk-17\bin\java.dll


Dynamic libraries:
0x00007ff750900000 - 0x00007ff750910000 	C:\Program Files\Java\jdk-17\bin\javaw.exe
0x00007ffb19110000 - 0x00007ffb19308000 	C:\Windows\SYSTEM32\ntdll.dll
0x00007ffb17b10000 - 0x00007ffb17bd2000 	C:\Windows\System32\KERNEL32.DLL
0x00007ffb16b00000 - 0x00007ffb16dfe000 	C:\Windows\System32\KERNELBASE.dll
0x00007ffb16eb0000 - 0x00007ffb16fb0000 	C:\Windows\System32\ucrtbase.dll
0x00007ffa9b2a0000 - 0x00007ffa9b2b9000 	C:\Program Files\Java\jdk-17\bin\jli.dll
0x00007ffa9b2c0000 - 0x00007ffa9b2db000 	C:\Program Files\Java\jdk-17\bin\VCRUNTIME140.dll
0x00007ffb17130000 - 0x00007ffb171e1000 	C:\Windows\System32\ADVAPI32.dll
0x00007ffb179b0000 - 0x00007ffb17a4e000 	C:\Windows\System32\msvcrt.dll
0x00007ffb171f0000 - 0x00007ffb1728f000 	C:\Windows\System32\sechost.dll
0x00007ffb177d0000 - 0x00007ffb178f3000 	C:\Windows\System32\RPCRT4.dll
0x00007ffb167e0000 - 0x00007ffb16807000 	C:\Windows\System32\bcrypt.dll
0x00007ffb189e0000 - 0x00007ffb18b7d000 	C:\Windows\System32\USER32.dll
0x00007ffb167b0000 - 0x00007ffb167d2000 	C:\Windows\System32\win32u.dll
0x00007ffb17900000 - 0x00007ffb1792b000 	C:\Windows\System32\GDI32.dll
0x00007ffaf7560000 - 0x00007ffaf77fa000 	C:\Windows\WinSxS\amd64_microsoft.windows.common-controls_6595b64144ccf1df_6.0.19041.4355_none_60b8b9eb71f62e16\COMCTL32.dll
0x00007ffb169e0000 - 0x00007ffb16af7000 	C:\Windows\System32\gdi32full.dll
0x00007ffb16fb0000 - 0x00007ffb1704d000 	C:\Windows\System32\msvcp_win.dll
0x00007ffb0de20000 - 0x00007ffb0de2a000 	C:\Windows\SYSTEM32\VERSION.dll
0x00007ffb17ae0000 - 0x00007ffb17b0f000 	C:\Windows\System32\IMM32.DLL
0x00007ffadc1c0000 - 0x00007ffadc1cc000 	C:\Program Files\Java\jdk-17\bin\vcruntime140_1.dll
0x00007ffa9ab60000 - 0x00007ffa9abee000 	C:\Program Files\Java\jdk-17\bin\msvcp140.dll
0x00007ffa70860000 - 0x00007ffa7143e000 	C:\Program Files\Java\jdk-17\bin\server\jvm.dll
0x00007ffb172f0000 - 0x00007ffb172f8000 	C:\Windows\System32\PSAPI.DLL
0x00007ffaf7c20000 - 0x00007ffaf7c29000 	C:\Windows\SYSTEM32\WSOCK32.dll
0x00007ffb0fcd0000 - 0x00007ffb0fcf7000 	C:\Windows\SYSTEM32\WINMM.dll
0x00007ffb17c00000 - 0x00007ffb17c6b000 	C:\Windows\System32\WS2_32.dll
0x00007ffb14fc0000 - 0x00007ffb14fd2000 	C:\Windows\SYSTEM32\kernel.appcore.dll
0x00007ffad8910000 - 0x00007ffad891a000 	C:\Program Files\Java\jdk-17\bin\jimage.dll
0x00007ffb14370000 - 0x00007ffb14554000 	C:\Windows\SYSTEM32\DBGHELP.DLL
0x00007ffb0fc70000 - 0x00007ffb0fca4000 	C:\Windows\SYSTEM32\dbgcore.DLL
0x00007ffb17050000 - 0x00007ffb170d2000 	C:\Windows\System32\bcryptPrimitives.dll
0x00007ffa92770000 - 0x00007ffa92795000 	C:\Program Files\Java\jdk-17\bin\java.dll

dbghelp: loaded successfully - version: 4.0.5 - missing functions: none
symbol engine: initialized successfully - sym options: 0x614 - pdb path: .;C:\Program Files\Java\jdk-17\bin;C:\Windows\SYSTEM32;C:\Windows\WinSxS\amd64_microsoft.windows.common-controls_6595b64144ccf1df_6.0.19041.4355_none_60b8b9eb71f62e16;C:\Program Files\Java\jdk-17\bin\server

VM Arguments:
jvm_args: -Xss8m -Dfile.encoding=UTF-8 -Dstdout.encoding=UTF-8 -Dstderr.encoding=UTF-8 -XX:+ShowCodeDetailsInExceptionMessages 
java_command: edu.ncsu.csc316.activity.ui.UserActivityLogManagerUI
java_class_path (initial): C:\Users\acull\OneDrive\Documents\csc316-002-P-011\UserActivityLogManager\bin;C:\Users\acull\.p2\pool\plugins\junit-jupiter-api_5.10.1.jar;C:\Users\acull\.p2\pool\plugins\junit-jupiter-engine_5.10.1.jar;C:\Users\acull\.p2\pool\plugins\junit-jupiter-migrationsupport_5.10.1.jar;C:\Users\acull\.p2\pool\plugins\junit-jupiter-params_5.10.1.jar;C:\Users\acull\.p2\pool\plugins\junit-platform-commons_1.10.1.jar;C:\Users\acull\.p2\pool\plugins\junit-platform-engine_1.10.1.jar;C:\Users\acull\.p2\pool\plugins\junit-platform-launcher_1.10.1.jar;C:\Users\acull\.p2\pool\plugins\junit-platform-runner_1.10.1.jar;C:\Users\acull\.p2\pool\plugins\junit-platform-suite-api_1.10.1.jar;C:\Users\acull\.p2\pool\plugins\junit-platform-suite-engine_1.10.1.jar;C:\Users\acull\.p2\pool\plugins\junit-platform-suite-commons_1.10.1.jar;C:\Users\acull\.p2\pool\plugins\junit-vintage-engine_5.10.1.jar;C:\Users\acull\.p2\pool\plugins\org.opentest4j_1.3.0.jar;C:\Users\acull\.p2\pool\plugins\org.apiguardian.api_1.1.2.jar;C:\Users\acull\.p2\pool\plugins\org.junit_4.13.2.v20230809-1000.jar;C:\Users\acull\.p2\pool\plugins\org.hamcrest_2.2.0.jar;C:\Users\acull\.p2\pool\plugins\org.hamcrest.core_2.2.0.v20230809-1000.jar;C:\Users\acull\OneDrive\Documents\csc316-002-P-011\UserActivityLogManager\lib\DataStructures.jar;C:\Users\acull\OneDrive\Documents\csc316-002-P-011\UserActivityLogManager\lib\UserActivityLogManagerLibrary (3).jar
Launcher Type: SUN_STANDARD

[Global flags]
     intx CICompilerCount                          = 4                                         {product} {ergonomic}
     uint ConcGCThreads                            = 2                                         {product} {ergonomic}
     uint G1ConcRefinementThreads                  = 8                                         {product} {ergonomic}
   size_t G1HeapRegionSize                         = 1048576                                   {product} {ergonomic}
    uintx GCDrainStackTargetSize                   = 64                                        {product} {ergonomic}
   size_t InitialHeapSize                          = 132120576                                 {product} {ergonomic}
   size_t MarkStackSize                            = 4194304                                   {product} {ergonomic}
   size_t MaxHeapSize                              = 2090860544                                {product} {ergonomic}
   size_t MinHeapDeltaBytes                        = 1048576                                   {product} {ergonomic}
   size_t MinHeapSize                              = 8388608                                   {product} {ergonomic}
    uintx NonNMethodCodeHeapSize                   = 5839372                                {pd product} {ergonomic}
    uintx NonProfiledCodeHeapSize                  = 122909434                              {pd product} {ergonomic}
    uintx ProfiledCodeHeapSize                     = 122909434                              {pd product} {ergonomic}
    uintx ReservedCodeCacheSize                    = 251658240                              {pd product} {ergonomic}
     bool SegmentedCodeCache                       = true                                      {product} {ergonomic}
     bool ShowCodeDetailsInExceptionMessages       = true                                   {manageable} {command line}
   size_t SoftMaxHeapSize                          = 2090860544                             {manageable} {ergonomic}
     intx ThreadStackSize                          = 8192                                   {pd product} {command line}
     bool UseCompressedClassPointers               = true                           {product lp64_product} {ergonomic}
     bool UseCompressedOops                        = true                           {product lp64_product} {ergonomic}
     bool UseG1GC                                  = true                                      {product} {ergonomic}
     bool UseLargePagesIndividualAllocation        = false                                  {pd product} {ergonomic}

Logging:
Log output configuration:
 #0: stdout all=warning uptime,level,tags
 #1: stderr all=off uptime,level,tags

Environment Variables:
JAVA_HOME=C:\Program Files\Java\jdk-17
PATH=C:\Program Files\Common Files\Oracle\Java\javapath;C:\Windows\system32;C:\Windows;C:\Windows\System32\Wbem;C:\Windows\System32\WindowsPowerShell\v1.0\;C:\Windows\System32\OpenSSH\;C:\Program Files\Git\cmd;C:\Program Files\PuTTY\;C:\Users\acull\AppData\Local\Microsoft\WindowsApps;C:\Users\acull\AppData\Local\Programs\Microsoft VS Code\bin;C:\Program Files\Java\jdk-17\bin;C:\Users\acull\AppData\Roaming\TinyTeX\bin\windows
USERNAME=acull
OS=Windows_NT
PROCESSOR_IDENTIFIER=Intel64 Family 6 Model 140 Stepping 1, GenuineIntel



---------------  S Y S T E M  ---------------

OS:
 Windows 10 , 64 bit Build 19041 (10.0.19041.5072)
OS uptime: 0 days 1:58 hours

CPU: total 8 (initial active 8) (4 cores per cpu, 2 threads per core) family 6 model 140 stepping 1 microcode 0x8a, cx8, cmov, fxsr, ht, mmx, 3dnowpref, sse, sse2, sse3, ssse3, sse4.1, sse4.2, popcnt, lzcnt, tsc, tscinvbit, avx, avx2, aes, erms, clmul, bmi1, bmi2, adx, avx512f, avx512dq, avx512cd, avx512bw, avx512vl, sha, fma, vzeroupper, avx512_vpopcntdq, avx512_vpclmulqdq, avx512_vaes, avx512_vnni, clflush, clflushopt, clwb, avx512_vbmi2, avx512_vbmi

Memory: 4k page, system-wide physical 7975M (685M free)
TotalPageFile size 32551M (AvailPageFile size 117M)
current process WorkingSet (physical memory assigned to process): 10M, peak: 10M
current process commit charge ("private bytes"): 60M, peak: 186M

vm_info: Java HotSpot(TM) 64-Bit Server VM (17.0.8+9-LTS-211) for windows-amd64 JRE (17.0.8+9-LTS-211), built on Jun 14 2023 10:34:31 by "mach5one" with MS VC++ 17.1 (VS2022)

END.
